[2026-04-02 16:26:03] [COMPLIANCE] [OK] Bash
[2026-04-02 16:26:18] [COMPLIANCE] [OK] Bash
[2026-04-02 16:26:32] [COMPLIANCE] [OK] Bash
[2026-04-02 16:28:26] [COMPLIANCE] [OK] Bash
[2026-04-02 16:28:39] [COMPLIANCE] [OK] TaskUpdate
[2026-04-02 16:28:59] [QUALITY-GATE] [CHECK] Session-Ende - Qualitaetspruefung
[2026-04-02 16:28:59] [QUALITY-GATE] [WARN] Keine Tests in dieser Session erkannt
[2026-04-02 16:28:59] [QUALITY-GATE] [DONE] Session abgeschlossen
[2026-04-02 16:36:00] [COMPLIANCE] [OK] Write
[2026-04-02 16:36:15] [COMPLIANCE] [OK] Read
[2026-04-02 16:36:40] [COMPLIANCE] [OK] Edit
[2026-04-02 16:36:48] [COMPLIANCE] [OK] Read
[2026-04-02 16:37:03] [COMPLIANCE] [OK] Edit
[2026-04-02 16:37:16] [COMPLIANCE] [OK] Edit
[2026-04-02 16:37:24] [COMPLIANCE] [OK] Read
[2026-04-02 16:37:31] [COMPLIANCE] [OK] Edit
[2026-04-02 16:37:45] [COMPLIANCE] [OK] Edit
[2026-04-02 16:37:57] [COMPLIANCE] [OK] Bash
[2026-04-02 16:38:22] [AGENT] [START] general (default): Fix German umlauts in all component files
[2026-04-02 16:38:22] [COMPLIANCE] [OK] Agent
[2026-04-02 16:38:25] [COMPLIANCE] [OK] Read
[2026-04-02 16:38:26] [COMPLIANCE] [OK] Read
[2026-04-02 16:38:26] [COMPLIANCE] [OK] Read
[2026-04-02 16:38:27] [COMPLIANCE] [OK] Read
[2026-04-02 16:38:27] [COMPLIANCE] [OK] Read
[2026-04-02 16:38:27] [COMPLIANCE] [OK] Read
[2026-04-02 16:38:28] [COMPLIANCE] [OK] Read
[2026-04-02 16:38:28] [COMPLIANCE] [OK] Read
[2026-04-02 16:38:29] [COMPLIANCE] [OK] Read
[2026-04-02 16:38:29] [COMPLIANCE] [OK] Read
[2026-04-02 16:38:29] [COMPLIANCE] [OK] Read
[2026-04-02 16:38:36] [COMPLIANCE] [OK] Edit
[2026-04-02 16:38:42] [COMPLIANCE] [OK] Edit
[2026-04-02 16:38:47] [COMPLIANCE] [OK] Edit
[2026-04-02 16:38:54] [COMPLIANCE] [OK] Edit
[2026-04-02 16:39:08] [COMPLIANCE] [OK] Edit
[2026-04-02 16:39:12] [COMPLIANCE] [OK] Edit
[2026-04-02 16:39:18] [COMPLIANCE] [OK] Edit
[2026-04-02 16:39:23] [COMPLIANCE] [OK] Edit
[2026-04-02 16:39:27] [COMPLIANCE] [OK] Edit
[2026-04-02 16:39:32] [COMPLIANCE] [OK] Edit
[2026-04-02 16:39:36] [COMPLIANCE] [OK] Edit
[2026-04-02 16:39:48] [COMPLIANCE] [OK] Edit
[2026-04-02 16:39:52] [COMPLIANCE] [OK] Edit
[2026-04-02 16:39:56] [COMPLIANCE] [OK] Edit
[2026-04-02 16:40:00] [COMPLIANCE] [OK] Edit
[2026-04-02 16:40:10] [COMPLIANCE] [OK] Edit
[2026-04-02 16:40:15] [COMPLIANCE] [OK] Edit
[2026-04-02 16:40:19] [COMPLIANCE] [OK] Edit
[2026-04-02 16:46:08] [COMPLIANCE] [OK] Edit
[2026-04-02 16:46:13] [COMPLIANCE] [OK] Edit
[2026-04-02 16:46:19] [COMPLIANCE] [OK] Edit
[2026-04-02 16:46:32] [COMPLIANCE] [OK] Edit
[2026-04-02 16:46:38] [COMPLIANCE] [OK] Edit
[2026-04-02 16:46:44] [COMPLIANCE] [OK] Edit
[2026-04-02 16:46:50] [COMPLIANCE] [OK] Edit
[2026-04-02 16:46:57] [COMPLIANCE] [OK] Edit
[2026-04-02 16:47:03] [COMPLIANCE] [OK] Edit
[2026-04-02 16:47:10] [COMPLIANCE] [OK] Edit
[2026-04-02 16:47:15] [COMPLIANCE] [OK] Edit
[2026-04-02 16:47:22] [COMPLIANCE] [OK] Edit
[2026-04-02 16:47:29] [COMPLIANCE] [OK] Edit
[2026-04-02 16:47:39] [COMPLIANCE] [OK] Edit
[2026-04-02 16:47:45] [COMPLIANCE] [OK] Edit
[2026-04-02 16:47:53] [COMPLIANCE] [OK] Edit
[2026-04-02 16:48:00] [COMPLIANCE] [OK] Edit
[2026-04-02 16:48:06] [COMPLIANCE] [OK] Edit
[2026-04-02 16:48:12] [COMPLIANCE] [OK] Edit
[2026-04-02 16:48:18] [COMPLIANCE] [OK] Edit
[2026-04-02 16:48:27] [COMPLIANCE] [OK] Edit
[2026-04-02 16:48:32] [COMPLIANCE] [OK] Edit
[2026-04-02 16:48:38] [COMPLIANCE] [OK] Edit
[2026-04-02 16:48:44] [COMPLIANCE] [OK] Edit
[2026-04-02 16:48:49] [COMPLIANCE] [OK] Edit
[2026-04-02 16:48:56] [COMPLIANCE] [OK] Edit
[2026-04-02 16:49:02] [COMPLIANCE] [OK] Edit
[2026-04-02 16:49:09] [COMPLIANCE] [OK] Edit
[2026-04-02 16:49:13] [COMPLIANCE] [OK] Edit
[2026-04-02 16:49:21] [COMPLIANCE] [OK] Edit
[2026-04-02 16:49:27] [COMPLIANCE] [OK] Edit
[2026-04-02 16:49:36] [COMPLIANCE] [OK] Edit
[2026-04-02 16:49:41] [COMPLIANCE] [OK] Edit
[2026-04-02 16:49:46] [COMPLIANCE] [OK] Edit
[2026-04-02 16:49:52] [COMPLIANCE] [OK] Edit
[2026-04-02 16:50:02] [COMPLIANCE] [OK] Edit
[2026-04-02 16:50:12] [COMPLIANCE] [OK] Edit
[2026-04-02 16:50:19] [COMPLIANCE] [OK] Edit
[2026-04-02 16:50:30] [COMPLIANCE] [OK] Edit
[2026-04-02 16:50:36] [COMPLIANCE] [OK] Edit
[2026-04-02 16:50:46] [COMPLIANCE] [OK] Edit
[2026-04-02 16:50:53] [COMPLIANCE] [OK] Edit
[2026-04-02 16:51:02] [COMPLIANCE] [OK] Edit
[2026-04-02 16:51:19] [COMPLIANCE] [OK] Edit
[2026-04-02 16:51:27] [COMPLIANCE] [OK] Edit
[2026-04-02 16:51:32] [COMPLIANCE] [OK] Edit
[2026-04-02 16:51:42] [COMPLIANCE] [OK] Edit
[2026-04-02 16:51:50] [COMPLIANCE] [OK] Edit
[2026-04-02 16:52:04] [COMPLIANCE] [OK] Edit
[2026-04-02 16:52:12] [COMPLIANCE] [OK] Edit
[2026-04-02 16:52:19] [COMPLIANCE] [OK] Edit
[2026-04-02 16:52:28] [COMPLIANCE] [OK] Edit
[2026-04-02 16:52:46] [COMPLIANCE] [OK] Grep
[2026-04-02 16:52:56] [COMPLIANCE] [OK] Grep
[2026-04-02 16:53:05] [COMPLIANCE] [OK] Edit
[2026-04-02 16:53:21] [COMPLIANCE] [OK] Grep
[2026-04-02 16:53:35] [COMPLIANCE] [OK] Edit
[2026-04-02 16:53:46] [COMPLIANCE] [OK] Grep
[2026-04-02 16:54:07] [AGENT] [DONE] Agent abgeschlossen. Noch aktiv: 0
[2026-04-02 16:54:37] [COMPLIANCE] [OK] Read
[2026-04-02 16:55:47] [COMPLIANCE] [OK] Write
[2026-04-02 16:56:08] [COMPLIANCE] [OK] Bash
[2026-04-02 16:56:29] [COMPLIANCE] [OK] Bash
[2026-04-02 16:57:00] [QUALITY-GATE] [CHECK] Session-Ende - Qualitaetspruefung
[2026-04-02 16:57:00] [QUALITY-GATE] [DONE] Session abgeschlossen
[2026-04-02 17:11:39] [COMPLIANCE] [OK] TaskCreate
[2026-04-02 17:11:41] [COMPLIANCE] [OK] TaskCreate
[2026-04-02 17:11:42] [COMPLIANCE] [OK] TaskCreate
[2026-04-02 17:11:43] [COMPLIANCE] [OK] TaskCreate
[2026-04-02 17:11:49] [COMPLIANCE] [OK] TaskUpdate
[2026-04-02 17:13:39] [COMPLIANCE] [OK] Write
[2026-04-02 17:13:45] [COMPLIANCE] [OK] TaskUpdate
[2026-04-02 17:13:54] [COMPLIANCE] [OK] TaskCreate
[2026-04-02 17:13:55] [COMPLIANCE] [OK] TaskCreate
[2026-04-02 17:14:25] [AGENT] [START] general (default): Create Downloads section component
[2026-04-02 17:14:25] [COMPLIANCE] [OK] Agent
[2026-04-02 17:14:29] [COMPLIANCE] [OK] Bash
[2026-04-02 17:14:30] [COMPLIANCE] [OK] Glob
[2026-04-02 17:14:30] [COMPLIANCE] [OK] Bash
[2026-04-02 17:14:36] [COMPLIANCE] [OK] Read
[2026-04-02 17:14:36] [COMPLIANCE] [OK] Read
[2026-04-02 17:14:36] [COMPLIANCE] [OK] Read
[2026-04-02 17:14:39] [AGENT] [START] general (default): Create Arabic dialects + speech section
[2026-04-02 17:14:39] [COMPLIANCE] [OK] Agent
[2026-04-02 17:14:40] [COMPLIANCE] [OK] Read
[2026-04-02 17:14:41] [COMPLIANCE] [OK] Read
[2026-04-02 17:14:44] [COMPLIANCE] [OK] Glob
[2026-04-02 17:14:44] [COMPLIANCE] [OK] Glob
[2026-04-02 17:14:47] [COMPLIANCE] [OK] Read
[2026-04-02 17:14:48] [COMPLIANCE] [OK] Glob
[2026-04-02 17:14:51] [COMPLIANCE] [OK] Glob
[2026-04-02 17:14:53] [AGENT] [START] general (default): Implement dark/light mode toggle
[2026-04-02 17:14:53] [COMPLIANCE] [OK] Agent
[2026-04-02 17:14:55] [COMPLIANCE] [OK] Read
[2026-04-02 17:14:55] [COMPLIANCE] [OK] Read
[2026-04-02 17:14:57] [COMPLIANCE] [OK] Read
[2026-04-02 17:14:57] [COMPLIANCE] [OK] Read
[2026-04-02 17:14:58] [COMPLIANCE] [OK] Read
[2026-04-02 17:14:58] [COMPLIANCE] [OK] Read
[2026-04-02 17:15:00] [COMPLIANCE] [OK] Bash
[2026-04-02 17:15:05] [COMPLIANCE] [OK] Bash
[2026-04-02 17:15:09] [COMPLIANCE] [OK] Bash
[2026-04-02 17:15:11] [COMPLIANCE] [OK] Edit
[2026-04-02 17:15:12] [COMPLIANCE] [OK] Edit
[2026-04-02 17:15:20] [COMPLIANCE] [OK] Write
[2026-04-02 17:15:31] [COMPLIANCE] [OK] Edit
[2026-04-02 17:15:36] [COMPLIANCE] [OK] Write
[2026-04-02 17:15:44] [COMPLIANCE] [OK] Edit
[2026-04-02 17:15:45] [COMPLIANCE] [OK] Write
[2026-04-02 17:15:49] [COMPLIANCE] [OK] Read
[2026-04-02 17:15:51] [AGENT] [DONE] Agent abgeschlossen. Noch aktiv: 0
[2026-04-02 17:15:53] [COMPLIANCE] [OK] Edit
[2026-04-02 17:16:01] [COMPLIANCE] [OK] Edit
[2026-04-02 17:16:06] [COMPLIANCE] [OK] Edit
[2026-04-02 17:16:11] [COMPLIANCE] [OK] Edit
[2026-04-02 17:16:17] [COMPLIANCE] [OK] Edit
[2026-04-02 17:16:24] [COMPLIANCE] [OK] Edit
[2026-04-02 17:16:29] [COMPLIANCE] [OK] Edit
[2026-04-02 17:16:31] [COMPLIANCE] [OK] Write
[2026-04-02 17:16:36] [COMPLIANCE] [OK] Edit
[2026-04-02 17:16:43] [COMPLIANCE] [OK] Edit
[2026-04-02 17:16:43] [AGENT] [DONE] Agent abgeschlossen. Noch aktiv: 0
[2026-04-02 17:16:50] [COMPLIANCE] [OK] Edit
[2026-04-02 17:16:58] [COMPLIANCE] [OK] Edit
[2026-04-02 17:17:09] [COMPLIANCE] [OK] Edit
[2026-04-02 17:17:18] [COMPLIANCE] [OK] Edit
[2026-04-02 17:17:23] [COMPLIANCE] [OK] Read
[2026-04-02 17:17:36] [COMPLIANCE] [OK] Edit
[2026-04-02 17:17:40] [COMPLIANCE] [OK] Bash
[2026-04-02 17:17:50] [COMPLIANCE] [OK] Read
[2026-04-02 17:17:50] [COMPLIANCE] [OK] Read
[2026-04-02 17:17:50] [COMPLIANCE] [OK] Read
[2026-04-02 17:17:56] [COMPLIANCE] [OK] Bash
[2026-04-02 17:18:16] [AGENT] [DONE] Agent abgeschlossen. Noch aktiv: 0
[2026-04-02 17:18:27] [COMPLIANCE] [OK] TaskUpdate
[2026-04-02 17:18:28] [COMPLIANCE] [OK] TaskUpdate
[2026-04-02 17:18:29] [COMPLIANCE] [OK] TaskUpdate
[2026-04-02 17:18:29] [COMPLIANCE] [OK] TaskUpdate
[2026-04-02 17:18:37] [COMPLIANCE] [OK] Read
[2026-04-02 17:18:47] [COMPLIANCE] [OK] Edit
[2026-04-02 17:19:03] [COMPLIANCE] [OK] Read
[2026-04-02 17:19:10] [COMPLIANCE] [OK] Read
[2026-04-02 17:19:40] [COMPLIANCE] [OK] Edit
[2026-04-02 17:19:50] [COMPLIANCE] [OK] Read
[2026-04-02 17:20:00] [COMPLIANCE] [OK] Edit
[2026-04-02 17:20:07] [COMPLIANCE] [OK] Bash
[2026-04-02 17:20:18] [COMPLIANCE] [OK] Bash
[2026-04-02 17:20:33] [COMPLIANCE] [OK] TaskUpdate
[2026-04-02 17:20:33] [COMPLIANCE] [OK] TaskUpdate
[2026-04-02 17:20:42] [COMPLIANCE] [OK] Bash
[2026-04-02 17:26:42] [COMPLIANCE] [OK] Write
[2026-04-02 17:26:50] [COMPLIANCE] [OK] Write
[2026-04-02 17:26:57] [COMPLIANCE] [OK] Read
[2026-04-02 17:31:26] [COMPLIANCE] [OK] Write
[2026-04-02 17:31:32] [COMPLIANCE] [OK] Bash
[2026-04-02 17:31:41] [COMPLIANCE] [OK] Bash
[2026-04-02 17:31:54] [COMPLIANCE] [OK] TaskUpdate
[2026-04-02 17:32:15] [QUALITY-GATE] [CHECK] Session-Ende - Qualitaetspruefung
[2026-04-02 17:32:15] [QUALITY-GATE] [DONE] Session abgeschlossen
[2026-04-02 18:07:20] [COMPLIANCE] [OK] TaskCreate
[2026-04-02 18:07:22] [COMPLIANCE] [OK] TaskCreate
[2026-04-02 18:07:23] [COMPLIANCE] [OK] TaskCreate
[2026-04-02 18:07:25] [COMPLIANCE] [OK] TaskCreate
[2026-04-02 18:07:34] [AGENT] [START] Explore (default): Find world map code in DreamCode app
[2026-04-02 18:07:34] [COMPLIANCE] [OK] Agent
[2026-04-02 18:07:36] [COMPLIANCE] [OK] Bash
[2026-04-02 18:07:41] [COMPLIANCE] [OK] Glob
[2026-04-02 18:07:44] [COMPLIANCE] [OK] Bash
[2026-04-02 18:07:47] [COMPLIANCE] [OK] Bash
[2026-04-02 18:07:55] [COMPLIANCE] [OK] Bash
[2026-04-02 18:07:58] [COMPLIANCE] [OK] Read
[2026-04-02 18:07:58] [COMPLIANCE] [OK] Read
[2026-04-02 18:08:01] [COMPLIANCE] [OK] Read
[2026-04-02 18:08:04] [COMPLIANCE] [OK] Bash
[2026-04-02 18:08:06] [COMPLIANCE] [OK] Grep
[2026-04-02 18:08:08] [COMPLIANCE] [OK] Read
[2026-04-02 18:08:12] [COMPLIANCE] [OK] Read
[2026-04-02 18:08:12] [COMPLIANCE] [OK] Bash
[2026-04-02 18:08:15] [COMPLIANCE] [OK] Bash
[2026-04-02 18:08:20] [COMPLIANCE] [OK] Grep
[2026-04-02 18:08:23] [COMPLIANCE] [OK] Read
[2026-04-02 18:08:25] [COMPLIANCE] [OK] Bash
[2026-04-02 18:08:31] [COMPLIANCE] [OK] Bash
[2026-04-02 18:08:34] [COMPLIANCE] [OK] Bash
[2026-04-02 18:08:37] [COMPLIANCE] [OK] Bash
[2026-04-02 18:08:43] [COMPLIANCE] [OK] Bash
[2026-04-02 18:09:10] [COMPLIANCE] [OK] Bash
[2026-04-02 18:09:13] [COMPLIANCE] [OK] Read
[2026-04-02 18:09:31] [AGENT] [DONE] Agent abgeschlossen. Noch aktiv: 0
[2026-04-02 18:09:48] [COMPLIANCE] [OK] Bash
[2026-04-02 18:10:08] [COMPLIANCE] [OK] Bash
[2026-04-02 18:10:14] [COMPLIANCE] [OK] TaskUpdate
[2026-04-02 18:10:39] [AGENT] [START] general (default): Rewrite Traditions with subcategories
[2026-04-02 18:10:39] [COMPLIANCE] [OK] Agent
[2026-04-02 18:10:42] [COMPLIANCE] [OK] Read
[2026-04-02 18:10:44] [AGENT] [START] general (default): Rewrite Downloads to 2 buttons
[2026-04-02 18:10:44] [COMPLIANCE] [OK] Agent
[2026-04-02 18:10:47] [COMPLIANCE] [OK] Read
[2026-04-02 18:10:58] [AGENT] [START] general (default): Update languages to 20+ and fix speech model
[2026-04-02 18:10:58] [COMPLIANCE] [OK] Agent
[2026-04-02 18:11:01] [COMPLIANCE] [OK] Read
[2026-04-02 18:11:02] [COMPLIANCE] [OK] Read
[2026-04-02 18:11:02] [COMPLIANCE] [OK] Read
[2026-04-02 18:11:29] [COMPLIANCE] [OK] Write
[2026-04-02 18:11:40] [AGENT] [DONE] Agent abgeschlossen. Noch aktiv: 0
[2026-04-02 18:11:53] [COMPLIANCE] [OK] Write
[2026-04-02 18:11:53] [COMPLIANCE] [OK] Edit
[2026-04-02 18:11:54] [COMPLIANCE] [OK] Edit
[2026-04-02 18:12:00] [COMPLIANCE] [OK] Edit
[2026-04-02 18:12:01] [COMPLIANCE] [OK] Edit
[2026-04-02 18:12:02] [COMPLIANCE] [OK] Edit
[2026-04-02 18:12:02] [COMPLIANCE] [OK] Edit
[2026-04-02 18:12:04] [COMPLIANCE] [OK] Edit
[2026-04-02 18:12:05] [COMPLIANCE] [OK] Edit
[2026-04-02 18:12:06] [COMPLIANCE] [OK] Edit
[2026-04-02 18:12:08] [COMPLIANCE] [OK] Edit
[2026-04-02 18:12:09] [COMPLIANCE] [OK] Edit
[2026-04-02 18:12:10] [COMPLIANCE] [OK] Edit
[2026-04-02 18:12:11] [COMPLIANCE] [OK] Edit
[2026-04-02 18:12:12] [COMPLIANCE] [OK] Edit
[2026-04-02 18:12:14] [COMPLIANCE] [OK] Edit
[2026-04-02 18:12:15] [COMPLIANCE] [OK] Edit
[2026-04-02 18:12:21] [COMPLIANCE] [OK] Edit
[2026-04-02 18:12:33] [COMPLIANCE] [OK] Grep
[2026-04-02 18:12:40] [COMPLIANCE] [OK] Read
[2026-04-02 18:12:40] [COMPLIANCE] [OK] Read
[2026-04-02 18:12:44] [COMPLIANCE] [OK] Edit
[2026-04-02 18:12:46] [COMPLIANCE] [OK] Edit
[2026-04-02 18:12:53] [COMPLIANCE] [OK] Grep
[2026-04-02 18:12:53] [COMPLIANCE] [OK] Grep
[2026-04-02 18:12:54] [COMPLIANCE] [OK] Write
[2026-04-02 18:12:57] [COMPLIANCE] [OK] Grep
[2026-04-02 18:13:08] [AGENT] [DONE] Agent abgeschlossen. Noch aktiv: 0
[2026-04-02 18:13:10] [AGENT] [DONE] Agent abgeschlossen. Noch aktiv: 0
[2026-04-02 18:13:25] [COMPLIANCE] [OK] TaskUpdate
[2026-04-02 18:13:26] [COMPLIANCE] [OK] TaskUpdate
[2026-04-02 18:13:26] [COMPLIANCE] [OK] TaskUpdate
[2026-04-02 18:13:26] [COMPLIANCE] [OK] TaskUpdate
[2026-04-02 18:13:33] [COMPLIANCE] [OK] Read
[2026-04-02 18:14:11] [COMPLIANCE] [OK] Edit
[2026-04-02 18:14:20] [COMPLIANCE] [OK] Read
[2026-04-02 18:14:26] [COMPLIANCE] [OK] Edit
[2026-04-02 18:14:37] [COMPLIANCE] [OK] Edit
[2026-04-02 18:14:53] [COMPLIANCE] [OK] Read
[2026-04-02 18:15:01] [COMPLIANCE] [OK] Edit
[2026-04-02 18:15:08] [COMPLIANCE] [OK] Bash
[2026-04-02 18:15:17] [COMPLIANCE] [OK] Bash
[2026-04-02 18:15:28] [COMPLIANCE] [OK] TaskUpdate
[2026-04-02 18:15:43] [QUALITY-GATE] [CHECK] Session-Ende - Qualitaetspruefung
[2026-04-02 18:15:43] [QUALITY-GATE] [DONE] Session abgeschlossen
